08:10:04 [localhost-startStop-1] INFO  o.b.w.d.SpringWebApplicationInitializer - 
08:10:04 [localhost-startStop-1] INFO  o.b.w.d.SpringWebApplicationInitializer - d8888b.  .d88b.  d8b   db d888888b d888888b  .d8b.    .d8888.  .d88b.  d88888b d888888b
08:10:04 [localhost-startStop-1] INFO  o.b.w.d.SpringWebApplicationInitializer - 88  `8D .8P  Y8. 888o  88   `88'   `~~88~~' d8' `8b   88'  YP .8P  Y8. 88'     `~~88~~'
08:10:04 [localhost-startStop-1] INFO  o.b.w.d.SpringWebApplicationInitializer - 88oooY' 88    88 88V8o 88    88       88    88ooo88   `8bo.   88    88 88ooo      88  
08:10:04 [localhost-startStop-1] INFO  o.b.w.d.SpringWebApplicationInitializer - 88~~~b. 88    88 88 V8o88    88       88    88~~~88     `Y8b. 88    88 88~~~      88  
08:10:04 [localhost-startStop-1] INFO  o.b.w.d.SpringWebApplicationInitializer - 88   8D `8b  d8' 88  V888   .88.      88    88   88   db   8D `8b  d8' 88         88   
08:10:04 [localhost-startStop-1] INFO  o.b.w.d.SpringWebApplicationInitializer - Y8888P'  `Y88P'  VP   V8P Y888888P    YP    YP   YP   `8888Y'  `Y88P'  YP         YP   
08:10:04 [localhost-startStop-1] INFO  o.b.w.d.SpringWebApplicationInitializer - ====================================================================================================
08:10:04 [localhost-startStop-1] INFO  o.b.w.d.SpringWebApplicationInitializer - UI-DESIGNER : Community edition v.1.3.0-SNAPSHOT
08:10:04 [localhost-startStop-1] INFO  o.b.w.d.SpringWebApplicationInitializer - ====================================================================================================
08:10:04 [localhost-startStop-1] INFO  o.s.w.c.ContextLoader - Root WebApplicationContext: initialization started
08:10:04 [localhost-startStop-1] INFO  o.s.w.c.s.AnnotationConfigWebApplicationContext - Refreshing Root WebApplicationContext: startup date [Tue Jun 28 08:10:04 IST 2016]; root of context hierarchy
08:10:04 [localhost-startStop-1] INFO  o.s.w.c.s.AnnotationConfigWebApplicationContext - Registering annotated classes: [class org.bonitasoft.web.designer.ApplicationConfig]
08:10:05 [localhost-startStop-1] INFO  o.b.w.d.c.DesignerConfigConditional - Conf loaded :  Community edition
08:10:05 [localhost-startStop-1] INFO  o.b.w.d.c.DesignerConfigConditional - Conf loaded :  Community edition
08:10:05 [localhost-startStop-1] INFO  o.b.w.d.c.DesignerConfigConditional - Conf loaded :  Community edition
08:10:05 [localhost-startStop-1] INFO  o.s.b.f.a.AutowiredAnnotationBeanPostProcessor - JSR-330 'javax.inject.Inject' annotation found and supported for autowiring
08:10:06 [localhost-startStop-1] INFO  o.h.v.i.u.Version - HV000001: Hibernate Validator 4.3.2.Final
08:10:07 [localhost-startStop-1] INFO  o.s.s.c.ThreadPoolTaskExecutor - Initializing ExecutorService  'clientInboundChannelExecutor'
08:10:07 [localhost-startStop-1] INFO  o.s.s.c.ThreadPoolTaskExecutor - Initializing ExecutorService  'clientOutboundChannelExecutor'
08:10:07 [localhost-startStop-1] INFO  o.a.c.v.i.StandardFileSystemManager - Using "/home/vishnu/git/bonita-ui-designer/backend/webapp/target/.extract/temp/vfs_cache" as temporary files store.
08:10:09 [localhost-startStop-1] INFO  o.s.s.c.ThreadPoolTaskScheduler - Initializing ExecutorService  'messageBrokerSockJsTaskScheduler'
08:10:09 [localhost-startStop-1] INFO  o.s.w.s.h.SimpleUrlHandlerMapping - Mapped URL path [/websockets/**] onto handler of type [class org.springframework.web.socket.sockjs.support.SockJsHttpRequestHandler]
08:10:09 [localhost-startStop-1] INFO  o.s.s.c.ThreadPoolTaskExecutor - Initializing ExecutorService  'brokerChannelExecutor'
08:10:09 [localhost-startStop-1] INFO  o.s.w.s.m.m.a.RequestMappingHandlerMapping - Mapped "{[/preview/page/API/**],methods=[],params=[],headers=[],consumes=[],produces=[],custom=[]}" onto public void org.bonitasoft.web.designer.controller.PreviewController.proxyAPICall(javax.servlet.http.HttpServletRequest,javax.servlet.http.HttpServletResponse) throws javax.servlet.ServletException
08:10:09 [localhost-startStop-1] INFO  o.s.w.s.m.m.a.RequestMappingHandlerMapping - Mapped "{[/preview/page/{id}],methods=[],params=[],headers=[],consumes=[],produces=[text/html;charset=UTF-8],custom=[]}" onto public org.springframework.http.ResponseEntity<java.lang.String> org.bonitasoft.web.designer.controller.PreviewController.previewPage(java.lang.String,javax.servlet.http.HttpServletRequest)
08:10:09 [localhost-startStop-1] INFO  o.s.w.s.m.m.a.RequestMappingHandlerMapping - Mapped "{[/preview/page/{id}/assets/**],methods=[],params=[],headers=[],consumes=[],produces=[],custom=[]}" onto public void org.bonitasoft.web.designer.controller.PreviewController.servePageAsset(javax.servlet.http.HttpServletRequest,javax.servlet.http.HttpServletResponse,java.lang.String) throws java.io.IOException
08:10:09 [localhost-startStop-1] INFO  o.s.w.s.m.m.a.RequestMappingHandlerMapping - Mapped "{[/preview/{previableType}/{id}/widgets/**],methods=[],params=[],headers=[],consumes=[],produces=[],custom=[]}" onto public void org.bonitasoft.web.designer.controller.PreviewController.serveWidgetFiles(javax.servlet.http.HttpServletRequest,javax.servlet.http.HttpServletResponse) throws java.io.IOException
08:10:09 [localhost-startStop-1] INFO  o.s.w.s.m.m.a.RequestMappingHandlerMapping - Mapped "{[/preview/page/theme/theme.css],methods=[],params=[],headers=[],consumes=[],produces=[],custom=[]}" onto public void org.bonitasoft.web.designer.controller.PreviewController.serveWidgetAsset(javax.servlet.http.HttpServletResponse) throws javax.servlet.ServletException
08:10:09 [localhost-startStop-1] INFO  o.s.w.s.m.m.a.RequestMappingHandlerMapping - Mapped "{[/export/page/{id}],methods=[],params=[],headers=[],consumes=[],produces=[],custom=[]}" onto public void org.bonitasoft.web.designer.controller.ExportController.handleFileExportPage(java.lang.String,javax.servlet.http.HttpServletResponse) throws javax.servlet.ServletException
08:10:09 [localhost-startStop-1] INFO  o.s.w.s.m.m.a.RequestMappingHandlerMapping - Mapped "{[/export/widget/{id}],methods=[],params=[],headers=[],consumes=[],produces=[],custom=[]}" onto public void org.bonitasoft.web.designer.controller.ExportController.handleFileExportWidget(java.lang.String,javax.servlet.http.HttpServletResponse) throws javax.servlet.ServletException
08:10:09 [localhost-startStop-1] INFO  o.s.w.s.m.m.a.RequestMappingHandlerMapping - Mapped "{[/rest/widgets/{widgetId}/properties/{propertyName}],methods=[PUT],params=[],headers=[],consumes=[],produces=[],custom=[]}" onto public java.util.List<org.bonitasoft.web.designer.model.widget.Property> org.bonitasoft.web.designer.controller.WidgetResource.updateProperty(java.lang.String,java.lang.String,org.bonitasoft.web.designer.model.widget.Property) throws org.bonitasoft.web.designer.repository.exception.RepositoryException,org.bonitasoft.web.designer.repository.exception.NotFoundException,org.bonitasoft.web.designer.repository.exception.NotAllowedException
08:10:09 [localhost-startStop-1] INFO  o.s.w.s.m.m.a.RequestMappingHandlerMapping - Mapped "{[/rest/widgets/{widgetId}/properties/{propertyName}],methods=[DELETE],params=[],headers=[],consumes=[],produces=[],custom=[]}" onto public java.util.List<org.bonitasoft.web.designer.model.widget.Property> org.bonitasoft.web.designer.controller.WidgetResource.deleteProperty(java.lang.String,java.lang.String) throws org.bonitasoft.web.designer.repository.exception.RepositoryException,org.bonitasoft.web.designer.repository.exception.NotFoundException,org.bonitasoft.web.designer.repository.exception.NotAllowedException
08:10:09 [localhost-startStop-1] INFO  o.s.w.s.m.m.a.RequestMappingHandlerMapping - Mapped "{[/rest/widgets/{widgetId}/favorite],methods=[PUT],params=[],headers=[],consumes=[],produces=[],custom=[]}" onto public void org.bonitasoft.web.designer.controller.WidgetResource.favorite(java.lang.String,java.lang.Boolean) throws org.bonitasoft.web.designer.repository.exception.RepositoryException
08:10:09 [localhost-startStop-1] INFO  o.s.w.s.m.m.a.RequestMappingHandlerMapping - Mapped "{[/rest/widgets],methods=[GET],params=[],headers=[],consumes=[],produces=[],custom=[]}" onto public org.springframework.http.ResponseEntity<java.lang.String> org.bonitasoft.web.designer.controller.WidgetResource.getAll(java.lang.String) throws org.bonitasoft.web.designer.repository.exception.RepositoryException,java.io.IOException
08:10:09 [localhost-startStop-1] INFO  o.s.w.s.m.m.a.RequestMappingHandlerMapping - Mapped "{[/rest/widgets/{widgetId}/properties],methods=[POST],params=[],headers=[],consumes=[],produces=[],custom=[]}" onto public java.util.List<org.bonitasoft.web.designer.model.widget.Property> org.bonitasoft.web.designer.controller.WidgetResource.addProperty(java.lang.String,org.bonitasoft.web.designer.model.widget.Property) throws org.bonitasoft.web.designer.repository.exception.RepositoryException,org.bonitasoft.web.designer.repository.exception.NotFoundException,org.bonitasoft.web.designer.repository.exception.NotAllowedException
08:10:09 [localhost-startStop-1] INFO  o.s.w.s.m.m.a.RequestMappingHandlerMapping - Mapped "{[/rest/widgets/{widgetId}],methods=[GET],params=[],headers=[],consumes=[],produces=[],custom=[]}" onto public org.bonitasoft.web.designer.model.widget.Widget org.bonitasoft.web.designer.controller.WidgetResource.get(java.lang.String) throws org.bonitasoft.web.designer.repository.exception.RepositoryException,org.bonitasoft.web.designer.repository.exception.NotAllowedException
08:10:09 [localhost-startStop-1] INFO  o.s.w.s.m.m.a.RequestMappingHandlerMapping - Mapped "{[/rest/widgets],methods=[POST],params=[],headers=[],consumes=[],produces=[],custom=[]}" onto public org.bonitasoft.web.designer.model.widget.Widget org.bonitasoft.web.designer.controller.WidgetResource.create(org.bonitasoft.web.designer.model.widget.Widget,java.lang.String) throws java.lang.IllegalArgumentException
08:10:09 [localhost-startStop-1] INFO  o.s.w.s.m.m.a.RequestMappingHandlerMapping - Mapped "{[/rest/widgets/{widgetId}],methods=[PUT],params=[],headers=[],consumes=[],produces=[],custom=[]}" onto public void org.bonitasoft.web.designer.controller.WidgetResource.save(java.lang.String,org.bonitasoft.web.designer.model.widget.Widget) throws org.bonitasoft.web.designer.repository.exception.RepositoryException,org.bonitasoft.web.designer.repository.exception.NotAllowedException
08:10:09 [localhost-startStop-1] INFO  o.s.w.s.m.m.a.RequestMappingHandlerMapping - Mapped "{[/rest/widgets/{widgetId}],methods=[DELETE],params=[],headers=[],consumes=[],produces=[],custom=[]}" onto public void org.bonitasoft.web.designer.controller.WidgetResource.delete(java.lang.String) throws org.bonitasoft.web.designer.repository.exception.RepositoryException,org.bonitasoft.web.designer.repository.exception.NotFoundException,org.bonitasoft.web.designer.repository.exception.NotAllowedException
08:10:09 [localhost-startStop-1] INFO  o.s.w.s.m.m.a.RequestMappingHandlerMapping - Mapped "{[/rest/widgets/{artifactId}/assets/{type}],methods=[POST],params=[],headers=[],consumes=[],produces=[text/plain],custom=[]}" onto public org.springframework.http.ResponseEntity<org.bonitasoft.web.designer.model.asset.Asset> org.bonitasoft.web.designer.controller.AssetResource.saveOrUpdate(org.springframework.web.multipart.MultipartFile,java.lang.String,java.lang.String)
08:10:09 [localhost-startStop-1] INFO  o.s.w.s.m.m.a.RequestMappingHandlerMapping - Mapped "{[/rest/widgets/{artifactId}/assets/{type}/{filename:.*}],methods=[],params=[],headers=[],consumes=[],produces=[],custom=[]}" onto public void org.bonitasoft.web.designer.controller.AssetResource.downloadAsset(javax.servlet.http.HttpServletRequest,javax.servlet.http.HttpServletResponse,java.lang.String,java.lang.String,java.lang.String,java.lang.String) throws java.io.IOException
08:10:09 [localhost-startStop-1] INFO  o.s.w.s.m.m.a.RequestMappingHandlerMapping - Mapped "{[/rest/widgets/{artifactId}/assets],methods=[POST],params=[],headers=[],consumes=[],produces=[],custom=[]}" onto public org.bonitasoft.web.designer.model.asset.Asset org.bonitasoft.web.designer.controller.AssetResource.saveAsset(org.bonitasoft.web.designer.model.asset.Asset,java.lang.String)
08:10:09 [localhost-startStop-1] INFO  o.s.w.s.m.m.a.RequestMappingHandlerMapping - Mapped "{[/rest/widgets/{artifactId}/assets/{assetId}],methods=[DELETE],params=[],headers=[],consumes=[],produces=[],custom=[]}" onto public void org.bonitasoft.web.designer.controller.AssetResource.deleteAsset(java.lang.String,java.lang.String) throws org.bonitasoft.web.designer.repository.exception.RepositoryException
08:10:09 [localhost-startStop-1] INFO  o.s.w.s.m.m.a.RequestMappingHandlerMapping - Mapped "{[/rest/widgets/{artifactId}/assets/{assetId}],methods=[PUT],params=[],headers=[],consumes=[],produces=[],custom=[]}" onto public void org.bonitasoft.web.designer.controller.AssetResource.updateAsset(java.lang.String,java.lang.String,java.lang.Boolean,java.lang.Boolean,java.lang.Boolean)
08:10:09 [localhost-startStop-1] INFO  o.s.w.s.m.m.a.RequestMappingHandlerMapping - Mapped "{[/rest/widgets/{artifactId}/assets],methods=[],params=[],headers=[],consumes=[],produces=[],custom=[]}" onto public <U> java.util.Set<org.bonitasoft.web.designer.model.asset.Asset> org.bonitasoft.web.designer.controller.AssetResource.assets(java.lang.String)
08:10:09 [localhost-startStop-1] INFO  o.s.w.s.m.m.a.RequestMappingHandlerMapping - Mapped "{[/import/{artifactType}],methods=[POST],params=[],headers=[],consumes=[],produces=[text/plain],custom=[]}" onto public org.bonitasoft.web.designer.controller.importer.report.ImportReport org.bonitasoft.web.designer.controller.ImportController.importArtifact(org.springframework.web.multipart.MultipartFile,boolean,java.lang.String)
08:10:09 [localhost-startStop-1] INFO  o.s.w.s.m.m.a.RequestMappingHandlerMapping - Mapped "{[/import/{uuid}/force],methods=[POST],params=[],headers=[],consumes=[],produces=[text/plain],custom=[]}" onto public org.bonitasoft.web.designer.controller.importer.report.ImportReport org.bonitasoft.web.designer.controller.ImportController.importPage(java.lang.String)
08:10:09 [localhost-startStop-1] INFO  o.s.w.s.m.m.a.RequestMappingHandlerMapping - Mapped "{[/import/{uuid}/cancel],methods=[POST],params=[],headers=[],consumes=[],produces=[],custom=[]}" onto public void org.bonitasoft.web.designer.controller.ImportController.cancelPageImport(java.lang.String)
08:10:09 [localhost-startStop-1] INFO  o.s.w.s.m.m.a.RequestMappingHandlerMapping - Mapped "{[/rest/pages/{pageId}/favorite],methods=[PUT],params=[],headers=[],consumes=[],produces=[],custom=[]}" onto public void org.bonitasoft.web.designer.controller.PageResource.favorite(java.lang.String,java.lang.Boolean) throws org.bonitasoft.web.designer.repository.exception.RepositoryException
08:10:09 [localhost-startStop-1] INFO  o.s.w.s.m.m.a.RequestMappingHandlerMapping - Mapped "{[/rest/pages/{pageId}],methods=[GET],params=[],headers=[],consumes=[],produces=[],custom=[]}" onto public org.bonitasoft.web.designer.model.page.Page org.bonitasoft.web.designer.controller.PageResource.get(java.lang.String) throws org.bonitasoft.web.designer.repository.exception.NotFoundException,org.bonitasoft.web.designer.repository.exception.RepositoryException
08:10:09 [localhost-startStop-1] INFO  o.s.w.s.m.m.a.RequestMappingHandlerMapping - Mapped "{[/rest/pages],methods=[GET],params=[],headers=[],consumes=[],produces=[],custom=[]}" onto public java.util.List<org.bonitasoft.web.designer.model.page.Page> org.bonitasoft.web.designer.controller.PageResource.list() throws org.bonitasoft.web.designer.repository.exception.RepositoryException
08:10:09 [localhost-startStop-1] INFO  o.s.w.s.m.m.a.RequestMappingHandlerMapping - Mapped "{[/rest/pages/contract/{scope}/{name}],methods=[POST],params=[],headers=[],consumes=[],produces=[],custom=[]}" onto public org.springframework.http.ResponseEntity<org.bonitasoft.web.designer.model.page.Page> org.bonitasoft.web.designer.controller.PageResource.create(org.bonitasoft.web.designer.model.contract.Contract,java.lang.String,java.lang.String) throws org.bonitasoft.web.designer.repository.exception.RepositoryException
08:10:09 [localhost-startStop-1] INFO  o.s.w.s.m.m.a.RequestMappingHandlerMapping - Mapped "{[/rest/pages],methods=[POST],params=[],headers=[],consumes=[],produces=[],custom=[]}" onto public org.springframework.http.ResponseEntity<org.bonitasoft.web.designer.model.page.Page> org.bonitasoft.web.designer.controller.PageResource.create(org.bonitasoft.web.designer.model.page.Page,java.lang.String) throws org.bonitasoft.web.designer.repository.exception.RepositoryException
08:10:09 [localhost-startStop-1] INFO  o.s.w.s.m.m.a.RequestMappingHandlerMapping - Mapped "{[/rest/pages/{pageId}],methods=[PUT],params=[],headers=[],consumes=[],produces=[],custom=[]}" onto public void org.bonitasoft.web.designer.controller.PageResource.save(java.lang.String,org.bonitasoft.web.designer.model.page.Page) throws org.bonitasoft.web.designer.repository.exception.RepositoryException
08:10:09 [localhost-startStop-1] INFO  o.s.w.s.m.m.a.RequestMappingHandlerMapping - Mapped "{[/rest/pages/{pageId}],methods=[DELETE],params=[],headers=[],consumes=[],produces=[],custom=[]}" onto public void org.bonitasoft.web.designer.controller.PageResource.delete(java.lang.String) throws org.bonitasoft.web.designer.repository.exception.RepositoryException
08:10:09 [localhost-startStop-1] INFO  o.s.w.s.m.m.a.RequestMappingHandlerMapping - Mapped "{[/rest/pages/{pageId}/name],methods=[PUT],params=[],headers=[],consumes=[],produces=[],custom=[]}" onto public void org.bonitasoft.web.designer.controller.PageResource.rename(java.lang.String,java.lang.String) throws org.bonitasoft.web.designer.repository.exception.RepositoryException
08:10:09 [localhost-startStop-1] INFO  o.s.w.s.m.m.a.RequestMappingHandlerMapping - Mapped "{[/rest/pages/{artifactId}/assets/{type}],methods=[POST],params=[],headers=[],consumes=[],produces=[text/plain],custom=[]}" onto public org.springframework.http.ResponseEntity<org.bonitasoft.web.designer.model.asset.Asset> org.bonitasoft.web.designer.controller.AssetResource.saveOrUpdate(org.springframework.web.multipart.MultipartFile,java.lang.String,java.lang.String)
08:10:09 [localhost-startStop-1] INFO  o.s.w.s.m.m.a.RequestMappingHandlerMapping - Mapped "{[/rest/pages/{artifactId}/assets/{type}/{filename:.*}],methods=[],params=[],headers=[],consumes=[],produces=[],custom=[]}" onto public void org.bonitasoft.web.designer.controller.AssetResource.downloadAsset(javax.servlet.http.HttpServletRequest,javax.servlet.http.HttpServletResponse,java.lang.String,java.lang.String,java.lang.String,java.lang.String) throws java.io.IOException
08:10:09 [localhost-startStop-1] INFO  o.s.w.s.m.m.a.RequestMappingHandlerMapping - Mapped "{[/rest/pages/{artifactId}/assets],methods=[POST],params=[],headers=[],consumes=[],produces=[],custom=[]}" onto public org.bonitasoft.web.designer.model.asset.Asset org.bonitasoft.web.designer.controller.AssetResource.saveAsset(org.bonitasoft.web.designer.model.asset.Asset,java.lang.String)
08:10:09 [localhost-startStop-1] INFO  o.s.w.s.m.m.a.RequestMappingHandlerMapping - Mapped "{[/rest/pages/{artifactId}/assets/{assetId}],methods=[DELETE],params=[],headers=[],consumes=[],produces=[],custom=[]}" onto public void org.bonitasoft.web.designer.controller.AssetResource.deleteAsset(java.lang.String,java.lang.String) throws org.bonitasoft.web.designer.repository.exception.RepositoryException
08:10:09 [localhost-startStop-1] INFO  o.s.w.s.m.m.a.RequestMappingHandlerMapping - Mapped "{[/rest/pages/{artifactId}/assets/{assetId}],methods=[PUT],params=[],headers=[],consumes=[],produces=[],custom=[]}" onto public void org.bonitasoft.web.designer.controller.AssetResource.updateAsset(java.lang.String,java.lang.String,java.lang.Boolean,java.lang.Boolean,java.lang.Boolean)
08:10:09 [localhost-startStop-1] INFO  o.s.w.s.m.m.a.RequestMappingHandlerMapping - Mapped "{[/rest/pages/{artifactId}/assets],methods=[],params=[],headers=[],consumes=[],produces=[],custom=[]}" onto public <U> java.util.Set<org.bonitasoft.web.designer.model.asset.Asset> org.bonitasoft.web.designer.controller.AssetResource.assets(java.lang.String)
08:10:09 [localhost-startStop-1] INFO  o.b.w.d.c.WebMvcConfiguration - Adding welcome page: file:/home/vishnu/git/bonita-ui-designer/backend/webapp/target/.extract/webapps/designer/WEB-INF/classes/static/index.html
08:10:09 [localhost-startStop-1] INFO  o.s.w.s.h.SimpleUrlHandlerMapping - Root mapping to handler of type [class org.springframework.web.servlet.mvc.ParameterizableViewController]
08:10:09 [localhost-startStop-1] INFO  o.s.w.s.h.SimpleUrlHandlerMapping - Mapped URL path [/i18n/*] onto handler of type [class org.springframework.web.servlet.resource.ResourceHttpRequestHandler]
08:10:09 [localhost-startStop-1] INFO  o.s.w.s.h.SimpleUrlHandlerMapping - Mapped URL path [/**] onto handler of type [class org.springframework.web.servlet.resource.ResourceHttpRequestHandler]
08:10:09 [localhost-startStop-1] INFO  o.s.w.s.h.SimpleUrlHandlerMapping - Mapped URL path [/widgets/**] onto handler of type [class org.springframework.web.servlet.resource.ResourceHttpRequestHandler]
08:10:09 [localhost-startStop-1] INFO  o.s.w.s.h.SimpleUrlHandlerMapping - Mapped URL path [/**] onto handler of type [class org.springframework.web.servlet.resource.DefaultServletHttpRequestHandler]
08:10:09 [localhost-startStop-1] INFO  o.s.w.s.m.m.a.RequestMappingHandlerAdapter - Looking for @ControllerAdvice: Root WebApplicationContext: startup date [Tue Jun 28 08:10:04 IST 2016]; root of context hierarchy
08:10:09 [localhost-startStop-1] INFO  o.s.w.s.m.m.a.ExceptionHandlerExceptionResolver - Detected @ExceptionHandler methods in resourceControllerAdvice
08:10:09 [localhost-startStop-1] INFO  o.s.c.s.DefaultLifecycleProcessor - Starting beans in phase 2147483647
08:10:09 [localhost-startStop-1] INFO  o.s.m.s.b.SimpleBrokerMessageHandler - Starting...
08:10:09 [localhost-startStop-1] INFO  o.s.m.s.b.SimpleBrokerMessageHandler - BrokerAvailabilityEvent[available=true, SimpleBroker[DefaultSubscriptionRegistry[cache[0 destination(s)], registry[0 sessions]]]]
08:10:09 [localhost-startStop-1] INFO  o.s.m.s.b.SimpleBrokerMessageHandler - Started.
08:10:09 [localhost-startStop-1] INFO  o.s.w.c.ContextLoader - Root WebApplicationContext: initialization completed in 4871 ms
08:10:09 [localhost-startStop-1] INFO  o.s.w.s.DispatcherServlet - FrameworkServlet 'dispatcher': initialization started
08:10:09 [localhost-startStop-1] INFO  o.s.w.s.DispatcherServlet - FrameworkServlet 'dispatcher': initialization completed in 25 ms
08:11:09 [MessageBrokerSockJS-1] INFO  o.s.w.s.c.WebSocketMessageBrokerStats - WebSocketSession[0 current WS(0)-HttpStream(0)-HttpPoll(0), 0 total, 0 closed abnormally (0 connect failure, 0 send limit, 0 transport error)], stompSubProtocol[processed CONNECT(0)-CONNECTED(0)-DISCONNECT(0)], stompBrokerRelay[null], inboundChannel[pool size = 0, active threads = 0, queued tasks = 0, completed tasks = 0], outboundChannelpool size = 0, active threads = 0, queued tasks = 0, completed tasks = 0], sockJsScheduler[pool size = 1, active threads = 1, queued tasks = 0, completed tasks = 0]
08:41:09 [MessageBrokerSockJS-1] INFO  o.s.w.s.c.WebSocketMessageBrokerStats - WebSocketSession[0 current WS(0)-HttpStream(0)-HttpPoll(0), 0 total, 0 closed abnormally (0 connect failure, 0 send limit, 0 transport error)], stompSubProtocol[processed CONNECT(0)-CONNECTED(0)-DISCONNECT(0)], stompBrokerRelay[null], inboundChannel[pool size = 0, active threads = 0, queued tasks = 0, completed tasks = 0], outboundChannelpool size = 0, active threads = 0, queued tasks = 0, completed tasks = 0], sockJsScheduler[pool size = 2, active threads = 1, queued tasks = 0, completed tasks = 1]
